This file contains any messages produced by compilers while
running configure, to aid debugging if configure makes a mistake.

It was created by configure, which was
generated by GNU Autoconf 2.69.  Invocation command line was

  $ ./configure 

## --------- ##
## Platform. ##
## --------- ##

hostname = MBA-2.local
uname -m = x86_64
uname -r = 13.3.0
uname -s = Darwin
uname -v = Darwin Kernel Version 13.3.0: Tue Jun  3 21:27:35 PDT 2014; root:xnu-2422.110.17~1/RELEASE_X86_64

/usr/bin/uname -p = i386
/bin/uname -X     = unknown

/bin/arch              = unknown
/usr/bin/arch -k       = unknown
/usr/convex/getsysinfo = unknown
/usr/bin/hostinfo      = Mach kernel version:
	 Darwin Kernel Version 13.3.0: Tue Jun  3 21:27:35 PDT 2014; root:xnu-2422.110.17~1/RELEASE_X86_64
Kernel configured for up to 4 processors.
2 processors are physically available.
4 processors are logically available.
Processor type: i486 (Intel 80486)
Processors active: 0 1 2 3
Primary memory available: 2.00 gigabytes
Default processor set: 152 tasks, 912 threads, 4 processors
Load average: 2.00, Mach factor: 1.99
/bin/machine           = unknown
/usr/bin/oslevel       = unknown
/bin/universe          = unknown

PATH: /usr/bin
PATH: /bin
PATH: /usr/sbin
PATH: /sbin
PATH: /usr/local/bin
PATH: /opt/X11/bin
PATH: /usr/texbin
PATH: .
PATH: .


## ----------- ##
## Core tests. ##
## ----------- ##

configure:3018: checking build system type
configure:3032: result: i686-apple-darwin13.3.0
configure:3052: checking host system type
configure:3065: result: i686-apple-darwin13.3.0
configure:3085: checking target system type
configure:3098: result: i686-apple-darwin13.3.0
configure:3157: checking for a BSD-compatible install
configure:3225: result: /usr/bin/install -c
configure:3240: checking for -p flag to install
configure:3253: result: yes
configure:3264: checking whether build environment is sane
configure:3319: result: yes
configure:3347: WARNING: 'missing' script is too old or missing
configure:3460: checking for a thread-safe mkdir -p
configure:3499: result: admin/install-sh -c -d
configure:3506: checking for gawk
configure:3536: result: no
configure:3506: checking for mawk
configure:3536: result: no
configure:3506: checking for nawk
configure:3536: result: no
configure:3506: checking for awk
configure:3522: found /usr/bin/awk
configure:3533: result: awk
configure:3544: checking whether make sets $(MAKE)
configure:3566: result: yes
configure:3595: checking whether make supports nested variables
configure:3612: result: yes
configure:3787: checking for style of include used by make
configure:3815: result: GNU
configure:3896: checking for g++
configure:3912: found /usr/bin/g++
configure:3923: result: g++
configure:3950: checking for C++ compiler version
configure:3959: g++ --version >&5
Apple LLVM version 5.1 (clang-503.0.40) (based on LLVM 3.4svn)
Target: x86_64-apple-darwin13.3.0
Thread model: posix
Configured with: --prefix=/Applications/Xcode.app/Contents/Developer/usr --with-gxx-include-dir=/usr/include/c++/4.2.1
configure:3970: $? = 0
configure:3959: g++ -v >&5
Configured with: --prefix=/Applications/Xcode.app/Contents/Developer/usr --with-gxx-include-dir=/usr/include/c++/4.2.1
Apple LLVM version 5.1 (clang-503.0.40) (based on LLVM 3.4svn)
Target: x86_64-apple-darwin13.3.0
Thread model: posix
configure:3970: $? = 0
configure:3959: g++ -V >&5
clang: error: argument to '-V' is missing (expected 1 value)
clang: error: no input files
configure:3970: $? = 1
configure:3959: g++ -qversion >&5
clang: error: unknown argument: '-qversion' [-Wunused-command-line-argument-hard-error-in-future]
clang: note: this will be a hard error (cannot be downgraded to a warning) in the future
clang: error: no input files
configure:3970: $? = 1
configure:3974: checking whether we are using the GNU C++ compiler
configure:3993: g++ -c   conftest.cpp >&5
configure:3993: $? = 0
configure: failed program was:
| /* confdefs.h */
| #define PACKAGE_NAME ""
| #define PACKAGE_TARNAME ""
| #define PACKAGE_VERSION ""
| #define PACKAGE_STRING ""
| #define PACKAGE_BUGREPORT ""
| #define PACKAGE_URL ""
| #define PACKAGE "supervclimso"
| #define VERSION "0.1"
| /* end confdefs.h.  */
| 
| int
| main ()
| {
| #ifndef __GNUC__
|        choke me
| #endif
| 
|   ;
|   return 0;
| }
configure:4002: result: no
configure:4011: checking whether g++ accepts -g
configure:4031: g++ -c -g  conftest.cpp >&5
configure:4031: $? = 0
configure: failed program was:
| /* confdefs.h */
| #define PACKAGE_NAME ""
| #define PACKAGE_TARNAME ""
| #define PACKAGE_VERSION ""
| #define PACKAGE_STRING ""
| #define PACKAGE_BUGREPORT ""
| #define PACKAGE_URL ""
| #define PACKAGE "supervclimso"
| #define VERSION "0.1"
| /* end confdefs.h.  */
| 
| int
| main ()
| {
| 
|   ;
|   return 0;
| }
configure:4046: g++ -c   conftest.cpp >&5
configure:4046: $? = 0
configure: failed program was:
| /* confdefs.h */
| #define PACKAGE_NAME ""
| #define PACKAGE_TARNAME ""
| #define PACKAGE_VERSION ""
| #define PACKAGE_STRING ""
| #define PACKAGE_BUGREPORT ""
| #define PACKAGE_URL ""
| #define PACKAGE "supervclimso"
| #define VERSION "0.1"
| /* end confdefs.h.  */
| 
| int
| main ()
| {
| 
|   ;
|   return 0;
| }
configure:4062: g++ -c -g  conftest.cpp >&5
configure:4062: $? = 0
configure: failed program was:
| /* confdefs.h */
| #define PACKAGE_NAME ""
| #define PACKAGE_TARNAME ""
| #define PACKAGE_VERSION ""
| #define PACKAGE_STRING ""
| #define PACKAGE_BUGREPORT ""
| #define PACKAGE_URL ""
| #define PACKAGE "supervclimso"
| #define VERSION "0.1"
| /* end confdefs.h.  */
| 
| int
| main ()
| {
| 
|   ;
|   return 0;
| }
configure:4072: result: no
configure:4097: checking dependency style of g++
configure:4208: result: gcc3
configure:4347: checking for gcc
configure:4363: found /usr/bin/gcc
configure:4374: result: gcc
configure:4603: checking for C compiler version
configure:4612: gcc --version >&5
Apple LLVM version 5.1 (clang-503.0.40) (based on LLVM 3.4svn)
Target: x86_64-apple-darwin13.3.0
Thread model: posix
Configured with: --prefix=/Applications/Xcode.app/Contents/Developer/usr --with-gxx-include-dir=/usr/include/c++/4.2.1
configure:4623: $? = 0
configure:4612: gcc -v >&5
Configured with: --prefix=/Applications/Xcode.app/Contents/Developer/usr --with-gxx-include-dir=/usr/include/c++/4.2.1
Apple LLVM version 5.1 (clang-503.0.40) (based on LLVM 3.4svn)
Target: x86_64-apple-darwin13.3.0
Thread model: posix
configure:4623: $? = 0
configure:4612: gcc -V >&5
clang: error: argument to '-V' is missing (expected 1 value)
clang: error: no input files
configure:4623: $? = 1
configure:4612: gcc -qversion >&5
clang: error: unknown argument: '-qversion' [-Wunused-command-line-argument-hard-error-in-future]
clang: note: this will be a hard error (cannot be downgraded to a warning) in the future
clang: error: no input files
configure:4623: $? = 1
configure:4643: checking whether the C compiler works
configure:4665: gcc     conftest.c  >&5
configure:4669: $? = 0
configure:4717: result: yes
configure:4720: checking for C compiler default output file name
configure:4722: result: a.out
configure:4728: checking for suffix of executables
configure:4735: gcc -o conftest     conftest.c  >&5
configure:4739: $? = 0
configure:4761: result: 
configure:4783: checking whether we are cross compiling
configure:4791: gcc -o conftest     conftest.c  >&5
configure:4795: $? = 0
configure:4802: ./conftest
configure:4806: $? = 0
configure:4821: result: no
configure:4826: checking for suffix of object files
configure:4848: gcc -c    conftest.c >&5
configure:4852: $? = 0
configure:4873: result: o
configure:4877: checking whether we are using the GNU C compiler
configure:4896: gcc -c    conftest.c >&5
configure:4896: $? = 0
configure:4905: result: yes
configure:4914: checking whether gcc accepts -g
configure:4934: gcc -c -g  conftest.c >&5
configure:4934: $? = 0
configure:4975: result: yes
configure:4992: checking for gcc option to accept ISO C89
configure:5055: gcc  -c    conftest.c >&5
configure:5055: $? = 0
configure:5068: result: none needed
configure:5093: checking whether gcc understands -c and -o together
configure:5115: gcc -c conftest.c -o conftest2.o
configure:5118: $? = 0
configure:5115: gcc -c conftest.c -o conftest2.o
configure:5118: $? = 0
configure:5130: result: yes
configure:5149: checking dependency style of gcc
configure:5260: result: gcc3
configure:5281: checking how to run the C preprocessor
configure:5312: gcc -E  conftest.c
configure:5312: $? = 0
configure:5326: gcc -E  conftest.c
conftest.c:11:10: fatal error: 'ac_nonexistent.h' file not found
#include <ac_nonexistent.h>
         ^
1 error generated.
configure:5326: $? = 1
configure: failed program was:
| /* confdefs.h */
| #define PACKAGE_NAME ""
| #define PACKAGE_TARNAME ""
| #define PACKAGE_VERSION ""
| #define PACKAGE_STRING ""
| #define PACKAGE_BUGREPORT ""
| #define PACKAGE_URL ""
| #define PACKAGE "supervclimso"
| #define VERSION "0.1"
| /* end confdefs.h.  */
| #include <ac_nonexistent.h>
configure:5351: result: gcc -E
configure:5371: gcc -E  conftest.c
configure:5371: $? = 0
configure:5385: gcc -E  conftest.c
conftest.c:11:10: fatal error: 'ac_nonexistent.h' file not found
#include <ac_nonexistent.h>
         ^
1 error generated.
configure:5385: $? = 1
configure: failed program was:
| /* confdefs.h */
| #define PACKAGE_NAME ""
| #define PACKAGE_TARNAME ""
| #define PACKAGE_VERSION ""
| #define PACKAGE_STRING ""
| #define PACKAGE_BUGREPORT ""
| #define PACKAGE_URL ""
| #define PACKAGE "supervclimso"
| #define VERSION "0.1"
| /* end confdefs.h.  */
| #include <ac_nonexistent.h>
configure:5554: checking for C++ compiler version
configure:5563: g++ --version >&5
Apple LLVM version 5.1 (clang-503.0.40) (based on LLVM 3.4svn)
Target: x86_64-apple-darwin13.3.0
Thread model: posix
Configured with: --prefix=/Applications/Xcode.app/Contents/Developer/usr --with-gxx-include-dir=/usr/include/c++/4.2.1
configure:5574: $? = 0
configure:5563: g++ -v >&5
Configured with: --prefix=/Applications/Xcode.app/Contents/Developer/usr --with-gxx-include-dir=/usr/include/c++/4.2.1
Apple LLVM version 5.1 (clang-503.0.40) (based on LLVM 3.4svn)
Target: x86_64-apple-darwin13.3.0
Thread model: posix
configure:5574: $? = 0
configure:5563: g++ -V >&5
clang: error: argument to '-V' is missing (expected 1 value)
clang: error: no input files
configure:5574: $? = 1
configure:5563: g++ -qversion >&5
clang: error: unknown argument: '-qversion' [-Wunused-command-line-argument-hard-error-in-future]
clang: note: this will be a hard error (cannot be downgraded to a warning) in the future
clang: error: no input files
configure:5574: $? = 1
configure:5578: checking whether we are using the GNU C++ compiler
configure:5606: result: no
configure:5615: checking whether g++ accepts -g
configure:5676: result: no
configure:5701: checking dependency style of g++
configure:5812: result: gcc3
configure:6104: checking whether g++ supports -Wundef
configure:6134: rm -rf SunWS_cache; g++ -o conftest -Wall -W -Wpointer-arith -Wwrite-strings   -Wundef   conftest.cpp  1>&5
configure:6134: $? = 0
configure:6150: result: yes
configure:6162: checking whether g++ supports -Wno-long-long
configure:6192: rm -rf SunWS_cache; g++ -o conftest -Wundef -Wall -W -Wpointer-arith -Wwrite-strings   -Wno-long-long   conftest.cpp  1>&5
configure:6192: $? = 0
configure:6208: result: yes
configure:6220: checking whether g++ supports -Wnon-virtual-dtor
configure:6250: rm -rf SunWS_cache; g++ -o conftest -Wno-long-long -Wundef -Wall -W -Wpointer-arith -Wwrite-strings   -Wnon-virtual-dtor   conftest.cpp  1>&5
configure:6250: $? = 0
configure:6266: result: yes
configure:6985: checking how to run the C++ preprocessor
configure:7012: g++ -E  conftest.cpp
configure:7012: $? = 0
configure:7026: g++ -E  conftest.cpp
conftest.cpp:11:10: fatal error: 'ac_nonexistent.h' file not found
#include <ac_nonexistent.h>
         ^
1 error generated.
configure:7026: $? = 1
configure: failed program was:
| /* confdefs.h */
| #define PACKAGE_NAME ""
| #define PACKAGE_TARNAME ""
| #define PACKAGE_VERSION ""
| #define PACKAGE_STRING ""
| #define PACKAGE_BUGREPORT ""
| #define PACKAGE_URL ""
| #define PACKAGE "supervclimso"
| #define VERSION "0.1"
| /* end confdefs.h.  */
| #include <ac_nonexistent.h>
configure:7051: result: g++ -E
configure:7071: g++ -E  conftest.cpp
configure:7071: $? = 0
configure:7085: g++ -E  conftest.cpp
conftest.cpp:11:10: fatal error: 'ac_nonexistent.h' file not found
#include <ac_nonexistent.h>
         ^
1 error generated.
configure:7085: $? = 1
configure: failed program was:
| /* confdefs.h */
| #define PACKAGE_NAME ""
| #define PACKAGE_TARNAME ""
| #define PACKAGE_VERSION ""
| #define PACKAGE_STRING ""
| #define PACKAGE_BUGREPORT ""
| #define PACKAGE_URL ""
| #define PACKAGE "supervclimso"
| #define VERSION "0.1"
| /* end confdefs.h.  */
| #include <ac_nonexistent.h>
configure:7118: checking whether g++ supports -O0
configure:7148: rm -rf SunWS_cache; g++ -o conftest -Wnon-virtual-dtor -Wno-long-long -Wundef -Wall -W -Wpointer-arith -Wwrite-strings -O0   conftest.cpp  1>&5
configure:7148: $? = 0
configure:7164: result: yes
configure:7425: result: not using lib directory suffix
configure:7468: checking for a sed that does not truncate output
configure:7522: result: /usr/bin/sed
configure:7525: checking for grep that handles long lines and -e
configure:7583: result: /usr/bin/grep
configure:7588: checking for egrep
configure:7650: result: /usr/bin/grep -E
configure:7666: checking for ld used by gcc
configure:7733: result: /Applications/Xcode.app/Contents/Developer/Toolchains/XcodeDefault.xctoolchain/usr/bin/ld
configure:7740: checking if the linker (/Applications/Xcode.app/Contents/Developer/Toolchains/XcodeDefault.xctoolchain/usr/bin/ld) is GNU ld
configure:7755: result: no
configure:7760: checking for /Applications/Xcode.app/Contents/Developer/Toolchains/XcodeDefault.xctoolchain/usr/bin/ld option to reload object files
configure:7767: result: -r
configure:7776: checking for BSD-compatible nm
configure:7818: result: /usr/bin/nm
configure:7822: checking whether ln -s works
configure:7826: result: yes
configure:7833: checking how to recognise dependent libraries
configure:8036: result: pass_all
configure:8220: checking for ANSI C header files
configure:8240: gcc -c -O2    conftest.c >&5
configure:8240: $? = 0
configure:8313: gcc -o conftest -O2     conftest.c  >&5
configure:8313: $? = 0
configure:8313: ./conftest
configure:8313: $? = 0
configure:8324: result: yes
configure:8337: checking for sys/types.h
configure:8337: gcc -c -O2    conftest.c >&5
configure:8337: $? = 0
configure:8337: result: yes
configure:8337: checking for sys/stat.h
configure:8337: gcc -c -O2    conftest.c >&5
configure:8337: $? = 0
configure:8337: result: yes
configure:8337: checking for stdlib.h
configure:8337: gcc -c -O2    conftest.c >&5
configure:8337: $? = 0
configure:8337: result: yes
configure:8337: checking for string.h
configure:8337: gcc -c -O2    conftest.c >&5
configure:8337: $? = 0
configure:8337: result: yes
configure:8337: checking for memory.h
configure:8337: gcc -c -O2    conftest.c >&5
configure:8337: $? = 0
configure:8337: result: yes
configure:8337: checking for strings.h
configure:8337: gcc -c -O2    conftest.c >&5
configure:8337: $? = 0
configure:8337: result: yes
configure:8337: checking for inttypes.h
configure:8337: gcc -c -O2    conftest.c >&5
configure:8337: $? = 0
configure:8337: result: yes
configure:8337: checking for stdint.h
configure:8337: gcc -c -O2    conftest.c >&5
configure:8337: $? = 0
configure:8337: result: yes
configure:8337: checking for unistd.h
configure:8337: gcc -c -O2    conftest.c >&5
configure:8337: $? = 0
configure:8337: result: yes
configure:8351: checking dlfcn.h usability
configure:8351: gcc -c -O2    conftest.c >&5
configure:8351: $? = 0
configure:8351: result: yes
configure:8351: checking dlfcn.h presence
configure:8351: gcc -E  conftest.c
configure:8351: $? = 0
configure:8351: result: yes
configure:8351: checking for dlfcn.h
configure:8351: result: yes
configure:8414: checking for g77
configure:8444: result: no
configure:8414: checking for xlf
configure:8444: result: no
configure:8414: checking for f77
configure:8444: result: no
configure:8414: checking for frt
configure:8444: result: no
configure:8414: checking for pgf77
configure:8444: result: no
configure:8414: checking for cf77
configure:8444: result: no
configure:8414: checking for fort77
configure:8444: result: no
configure:8414: checking for fl32
configure:8444: result: no
configure:8414: checking for af77
configure:8444: result: no
configure:8414: checking for xlf90
configure:8444: result: no
configure:8414: checking for f90
configure:8444: result: no
configure:8414: checking for pgf90
configure:8444: result: no
configure:8414: checking for pghpf
configure:8444: result: no
configure:8414: checking for epcf90
configure:8444: result: no
configure:8414: checking for gfortran
configure:8444: result: no
configure:8414: checking for g95
configure:8444: result: no
configure:8414: checking for xlf95
configure:8444: result: no
configure:8414: checking for f95
configure:8444: result: no
configure:8414: checking for fort
configure:8444: result: no
configure:8414: checking for ifort
configure:8444: result: no
configure:8414: checking for ifc
configure:8444: result: no
configure:8414: checking for efc
configure:8444: result: no
configure:8414: checking for pgfortran
configure:8444: result: no
configure:8414: checking for pgf95
configure:8444: result: no
configure:8414: checking for lf95
configure:8444: result: no
configure:8414: checking for ftn
configure:8444: result: no
configure:8414: checking for nagfor
configure:8444: result: no
configure:8467: checking for Fortran 77 compiler version
configure:8476:  --version >&5
./configure: line 8478: --version: command not found
configure:8487: $? = 127
configure:8476:  -v >&5
./configure: line 8478: -v: command not found
configure:8487: $? = 127
configure:8476:  -V >&5
./configure: line 8478: -V: command not found
configure:8487: $? = 127
configure:8476:  -qversion >&5
./configure: line 8478: -qversion: command not found
configure:8487: $? = 127
configure:8496: checking whether we are using the GNU Fortran 77 compiler
configure:8509:  -c  conftest.F >&5
./configure: line 2378: -c: command not found
configure:8509: $? = 127
configure: failed program was:
|       program main
| #ifndef __GNUC__
|        choke me
| #endif
| 
|       end
configure:8518: result: no
configure:8524: checking whether  accepts -g
configure:8535:  -c -g conftest.f >&5
./configure: line 2378: -c: command not found
configure:8535: $? = 127
configure: failed program was:
|       program main
| 
|       end
configure:8543: result: no
configure:8577: checking the maximum length of command line arguments
configure:8636: result: 65536
configure:8647: checking command to parse /usr/bin/nm output from gcc object
configure:8736: gcc -c -O2    conftest.c >&5
configure:8739: $? = 0
configure:8743: /usr/bin/nm conftest.o \| sed -n -e 's/^.*[ 	]\([BCDEGRST][BCDEGRST]*\)[ 	][ 	]*\(\)\([_A-Za-z][_A-Za-z0-9]*\)$/\1 \2\3 \3/p' \> conftest.nm
configure:8746: $? = 0
cannot find nm_test_var in conftest.nm
configure:8736: gcc -c -O2    conftest.c >&5
configure:8739: $? = 0
configure:8743: /usr/bin/nm conftest.o \| sed -n -e 's/^.*[ 	]\([BCDEGRST][BCDEGRST]*\)[ 	][ 	]*\(_\)\([_A-Za-z][_A-Za-z0-9]*\)$/\1 \2\3 \3/p' \> conftest.nm
configure:8746: $? = 0
configure:8798: gcc -o conftest -O2     conftest.c conftstm.o >&5
configure:8801: $? = 0
configure:8839: result: ok
configure:8843: checking for objdir
configure:8858: result: .libs
configure:8950: checking for ar
configure:8966: found /usr/bin/ar
configure:8977: result: ar
configure:9042: checking for ranlib
configure:9058: found /usr/bin/ranlib
configure:9069: result: ranlib
configure:9134: checking for strip
configure:9150: found /usr/bin/strip
configure:9161: result: strip
configure:9433: checking if gcc static flag  works
configure:9456: result: yes
configure:9478: checking if gcc supports -fno-rtti -fno-exceptions
configure:9496: gcc -c -O2    -fno-rtti -fno-exceptions conftest.c >&5
configure:9500: $? = 0
configure:9511: result: yes
configure:9526: checking for gcc option to produce PIC
configure:9703: result: -fno-common
configure:9711: checking if gcc PIC flag -fno-common works
configure:9729: gcc -c -O2    -fno-common -DPIC conftest.c >&5
configure:9733: $? = 0
configure:9744: result: yes
configure:9768: checking if gcc supports -c -o file.o
configure:9796: gcc -c -O2    -o out/conftest2.o conftest.c >&5
configure:9800: $? = 0
configure:9817: result: yes
configure:9843: checking whether the gcc linker (/Applications/Xcode.app/Contents/Developer/Toolchains/XcodeDefault.xctoolchain/usr/bin/ld) supports shared libraries
configure:10586: result: no
configure:10657: checking dynamic linker characteristics
configure:11175: result: darwin13.3.0 dyld
configure:11179: checking how to hardcode library paths into programs
configure:11204: result: immediate
configure:11218: checking whether stripping libraries is possible
configure:11231: result: yes
configure:11272: checking for dlopen in -ldl
configure:11297: gcc -o conftest -O2     conftest.c -ldl   >&5
configure:11297: $? = 0
configure:11306: result: yes
configure:11521: checking whether a program can dlopen itself
configure:11593: gcc -o conftest -O2    -DHAVE_DLFCN_H   conftest.c -ldl  >&5
configure:11589:5: warning: implicitly declaring library function 'exit' with type 'void (int) __attribute__((noreturn))'
    exit (status);
    ^
configure:11589:5: note: please include the header <stdlib.h> or explicitly provide a declaration for 'exit'
1 warning generated.
configure:11596: $? = 0
configure:11614: result: yes
configure:11619: checking whether a statically linked program can dlopen itself
configure:11691: gcc -o conftest -O2    -DHAVE_DLFCN_H    conftest.c -ldl  >&5
configure:11687:5: warning: implicitly declaring library function 'exit' with type 'void (int) __attribute__((noreturn))'
    exit (status);
    ^
configure:11687:5: note: please include the header <stdlib.h> or explicitly provide a declaration for 'exit'
1 warning generated.
configure:11694: $? = 0
configure:11712: result: yes
configure:11735: checking if libtool supports shared libraries
configure:11737: result: no
configure:11740: checking whether to build shared libraries
configure:11787: result: no
configure:11790: checking whether to build static libraries
configure:11794: result: yes
configure:11885: creating libtool
configure:12565: checking whether the g++ linker (/Applications/Xcode.app/Contents/Developer/Toolchains/XcodeDefault.xctoolchain/usr/bin/ld) supports shared libraries
configure:13310: result: no
configure:13332: g++ -c -Wnon-virtual-dtor -Wno-long-long -Wundef -Wall -W -Wpointer-arith -Wwrite-strings  conftest.cc >&5
configure:13335: $? = 0
configure:13431: checking for g++ option to produce PIC
configure:13683: result: 
configure:13748: checking if g++ supports -c -o file.o
configure:13776: g++ -c -Wnon-virtual-dtor -Wno-long-long -Wundef -Wall -W -Wpointer-arith -Wwrite-strings  -o out/conftest2.o conftest.cc >&5
configure:13780: $? = 0
configure:13797: result: yes
configure:13823: checking whether the g++ linker (/Applications/Xcode.app/Contents/Developer/Toolchains/XcodeDefault.xctoolchain/usr/bin/ld) supports shared libraries
configure:13848: result: no
configure:13919: checking dynamic linker characteristics
configure:14437: result: darwin13.3.0 dyld
configure:14441: checking how to hardcode library paths into programs
configure:14466: result: immediate
configure:14480: checking whether stripping libraries is possible
configure:14493: result: yes
configure:14534: checking for dlopen in -ldl
configure:14568: result: yes
configure:14783: checking whether a program can dlopen itself
configure:14876: result: yes
configure:14881: checking whether a statically linked program can dlopen itself
configure:14974: result: yes
configure:20856: checking for msgfmt
configure:20883: result: msgfmt
configure:20892: checking for gmsgfmt
configure:20923: result: msgfmt
configure:20933: result: found msgfmt program is not GNU msgfmt; ignore it
configure:20943: checking for xgettext
configure:20970: result: :
configure:21082: checking if C++ programs can be compiled
configure:21106: g++ -c -Wnon-virtual-dtor -Wno-long-long -Wundef -Wall -W -Wpointer-arith -Wwrite-strings  conftest.cpp >&5
configure:21106: $? = 0
configure:21116: result: yes
configure:21142: checking for strlcat
configure:21184: g++ -c -Wnon-virtual-dtor -Wno-long-long -Wundef -Wall -W -Wpointer-arith -Wwrite-strings  conftest.cpp >&5
configure:21184: $? = 0
configure:21202: result: yes
configure:21205: checking if strlcat needs custom prototype
configure:21280: result: no
configure:21300: checking for strlcpy
configure:21341: g++ -c -Wnon-virtual-dtor -Wno-long-long -Wundef -Wall -W -Wpointer-arith -Wwrite-strings  conftest.cpp >&5
configure:21341: $? = 0
configure:21359: result: yes
configure:21362: checking if strlcpy needs custom prototype
configure:21436: result: no
configure:21455: checking for main in -lutil
configure:21474: gcc -o conftest -O2     conftest.c -lutil   >&5
configure:21474: $? = 0
configure:21483: result: yes
configure:21489: checking for main in -lcompat
configure:21508: gcc -o conftest -O2     conftest.c -lcompat   >&5
ld: library not found for -lcompat
clang: error: linker command failed with exit code 1 (use -v to see invocation)
configure:21508: $? = 1
configure: failed program was:
| /* confdefs.h */
| #define PACKAGE_NAME ""
| #define PACKAGE_TARNAME ""
| #define PACKAGE_VERSION ""
| #define PACKAGE_STRING ""
| #define PACKAGE_BUGREPORT ""
| #define PACKAGE_URL ""
| #define PACKAGE "supervclimso"
| #define VERSION "0.1"
| #define KDELIBSUFF ""
| #define STDC_HEADERS 1
| #define HAVE_SYS_TYPES_H 1
| #define HAVE_SYS_STAT_H 1
| #define HAVE_STDLIB_H 1
| #define HAVE_STRING_H 1
| #define HAVE_MEMORY_H 1
| #define HAVE_STRINGS_H 1
| #define HAVE_INTTYPES_H 1
| #define HAVE_STDINT_H 1
| #define HAVE_UNISTD_H 1
| #define HAVE_DLFCN_H 1
| #define HAVE_SGI_STL 1
| #define HAVE_STRLCAT 1
| #define HAVE_STRLCAT_PROTO 1
| #define HAVE_STRLCPY 1
| #define HAVE_STRLCPY_PROTO 1
| /* end confdefs.h.  */
| 
| 
| int
| main ()
| {
| return main ();
|   ;
|   return 0;
| }
configure:21517: result: no
configure:21524: checking for crypt in -lcrypt
configure:21549: gcc -o conftest -O2     conftest.c -lcrypt   >&5
ld: library not found for -lcrypt
clang: error: linker command failed with exit code 1 (use -v to see invocation)
configure:21549: $? = 1
configure: failed program was:
| /* confdefs.h */
| #define PACKAGE_NAME ""
| #define PACKAGE_TARNAME ""
| #define PACKAGE_VERSION ""
| #define PACKAGE_STRING ""
| #define PACKAGE_BUGREPORT ""
| #define PACKAGE_URL ""
| #define PACKAGE "supervclimso"
| #define VERSION "0.1"
| #define KDELIBSUFF ""
| #define STDC_HEADERS 1
| #define HAVE_SYS_TYPES_H 1
| #define HAVE_SYS_STAT_H 1
| #define HAVE_STDLIB_H 1
| #define HAVE_STRING_H 1
| #define HAVE_MEMORY_H 1
| #define HAVE_STRINGS_H 1
| #define HAVE_INTTYPES_H 1
| #define HAVE_STDINT_H 1
| #define HAVE_UNISTD_H 1
| #define HAVE_DLFCN_H 1
| #define HAVE_SGI_STL 1
| #define HAVE_STRLCAT 1
| #define HAVE_STRLCAT_PROTO 1
| #define HAVE_STRLCPY 1
| #define HAVE_STRLCPY_PROTO 1
| /* end confdefs.h.  */
| 
| /* Override any GCC internal prototype to avoid an error.
|    Use char because int might match the return type of a GCC
|    builtin and then its argument prototype would still apply.  */
| #ifdef __cplusplus
| extern "C"
| #endif
| char crypt ();
| int
| main ()
| {
| return crypt ();
|   ;
|   return 0;
| }
configure:21558: result: no
configure:21563: checking for crypt in -lc
configure:21588: gcc -o conftest -O2     conftest.c -lc   >&5
configure:21588: $? = 0
configure:21597: result: yes
configure:21624: checking for socklen_t
configure:21657: g++ -c -Wnon-virtual-dtor -Wno-long-long -Wundef -Wall -W -Wpointer-arith -Wwrite-strings  conftest.cpp >&5
configure:21657: $? = 0
configure:21697: result: socklen_t
configure:21713: checking for dnet_ntoa in -ldnet
configure:21738: gcc -o conftest -O2     conftest.c -ldnet   >&5
ld: library not found for -ldnet
clang: error: linker command failed with exit code 1 (use -v to see invocation)
configure:21738: $? = 1
configure: failed program was:
| /* confdefs.h */
| #define PACKAGE_NAME ""
| #define PACKAGE_TARNAME ""
| #define PACKAGE_VERSION ""
| #define PACKAGE_STRING ""
| #define PACKAGE_BUGREPORT ""
| #define PACKAGE_URL ""
| #define PACKAGE "supervclimso"
| #define VERSION "0.1"
| #define KDELIBSUFF ""
| #define STDC_HEADERS 1
| #define HAVE_SYS_TYPES_H 1
| #define HAVE_SYS_STAT_H 1
| #define HAVE_STDLIB_H 1
| #define HAVE_STRING_H 1
| #define HAVE_MEMORY_H 1
| #define HAVE_STRINGS_H 1
| #define HAVE_INTTYPES_H 1
| #define HAVE_STDINT_H 1
| #define HAVE_UNISTD_H 1
| #define HAVE_DLFCN_H 1
| #define HAVE_SGI_STL 1
| #define HAVE_STRLCAT 1
| #define HAVE_STRLCAT_PROTO 1
| #define HAVE_STRLCPY 1
| #define HAVE_STRLCPY_PROTO 1
| #define HAVE_CRYPT 1
| #define ksize_t socklen_t
| /* end confdefs.h.  */
| 
| /* Override any GCC internal prototype to avoid an error.
|    Use char because int might match the return type of a GCC
|    builtin and then its argument prototype would still apply.  */
| #ifdef __cplusplus
| extern "C"
| #endif
| char dnet_ntoa ();
| int
| main ()
| {
| return dnet_ntoa ();
|   ;
|   return 0;
| }
configure:21747: result: no
configure:21754: checking for dnet_ntoa in -ldnet_stub
configure:21779: gcc -o conftest -O2     conftest.c -ldnet_stub   >&5
ld: library not found for -ldnet_stub
clang: error: linker command failed with exit code 1 (use -v to see invocation)
configure:21779: $? = 1
configure: failed program was:
| /* confdefs.h */
| #define PACKAGE_NAME ""
| #define PACKAGE_TARNAME ""
| #define PACKAGE_VERSION ""
| #define PACKAGE_STRING ""
| #define PACKAGE_BUGREPORT ""
| #define PACKAGE_URL ""
| #define PACKAGE "supervclimso"
| #define VERSION "0.1"
| #define KDELIBSUFF ""
| #define STDC_HEADERS 1
| #define HAVE_SYS_TYPES_H 1
| #define HAVE_SYS_STAT_H 1
| #define HAVE_STDLIB_H 1
| #define HAVE_STRING_H 1
| #define HAVE_MEMORY_H 1
| #define HAVE_STRINGS_H 1
| #define HAVE_INTTYPES_H 1
| #define HAVE_STDINT_H 1
| #define HAVE_UNISTD_H 1
| #define HAVE_DLFCN_H 1
| #define HAVE_SGI_STL 1
| #define HAVE_STRLCAT 1
| #define HAVE_STRLCAT_PROTO 1
| #define HAVE_STRLCPY 1
| #define HAVE_STRLCPY_PROTO 1
| #define HAVE_CRYPT 1
| #define ksize_t socklen_t
| /* end confdefs.h.  */
| 
| /* Override any GCC internal prototype to avoid an error.
|    Use char because int might match the return type of a GCC
|    builtin and then its argument prototype would still apply.  */
| #ifdef __cplusplus
| extern "C"
| #endif
| char dnet_ntoa ();
| int
| main ()
| {
| return dnet_ntoa ();
|   ;
|   return 0;
| }
configure:21788: result: no
configure:21795: checking for inet_ntoa
configure:21795: gcc -o conftest -O2     conftest.c  >&5
configure:21795: $? = 0
configure:21795: result: yes
configure:21842: checking for connect
configure:21842: gcc -o conftest -O2     conftest.c  >&5
configure:21842: $? = 0
configure:21842: result: yes
configure:21890: checking for remove
configure:21890: gcc -o conftest -O2     conftest.c  >&5
configure:21890: $? = 0
configure:21890: result: yes
configure:21939: checking for shmat
configure:21939: gcc -o conftest -O2     conftest.c  >&5
configure:21939: $? = 0
configure:21939: result: yes
configure:21990: checking for sys/types.h
configure:21990: result: yes
configure:21990: checking for stdint.h
configure:21990: result: yes
configure:22002: checking for poll in -lpoll
configure:22027: gcc -o conftest -O2     conftest.c -lpoll   >&5
configure:22027: $? = 0
configure:22036: result: yes
configure:22044: checking CoreAudio/CoreAudio.h usability
configure:22044: gcc -c -O2    conftest.c >&5
configure:22044: $? = 0
configure:22044: result: yes
configure:22044: checking CoreAudio/CoreAudio.h presence
configure:22044: gcc -E  conftest.c
configure:22044: $? = 0
configure:22044: result: yes
configure:22044: checking for CoreAudio/CoreAudio.h
configure:22044: result: yes
configure:22057: checking if res_init needs -lresolv
configure:22079: gcc -o conftest -O2     conftest.c   -lresolv >&5
configure:22079: $? = 0
configure:22082: result: yes
configure:22098: checking if res_init is available
configure:22118: gcc -c -O2    conftest.c >&5
configure:22118: $? = 0
configure:22120: result: yes
configure:22138: checking for killpg in -lucb
configure:22163: gcc -o conftest -O2     conftest.c -lucb   >&5
ld: library not found for -lucb
clang: error: linker command failed with exit code 1 (use -v to see invocation)
configure:22163: $? = 1
configure: failed program was:
| /* confdefs.h */
| #define PACKAGE_NAME ""
| #define PACKAGE_TARNAME ""
| #define PACKAGE_VERSION ""
| #define PACKAGE_STRING ""
| #define PACKAGE_BUGREPORT ""
| #define PACKAGE_URL ""
| #define PACKAGE "supervclimso"
| #define VERSION "0.1"
| #define KDELIBSUFF ""
| #define STDC_HEADERS 1
| #define HAVE_SYS_TYPES_H 1
| #define HAVE_SYS_STAT_H 1
| #define HAVE_STDLIB_H 1
| #define HAVE_STRING_H 1
| #define HAVE_MEMORY_H 1
| #define HAVE_STRINGS_H 1
| #define HAVE_INTTYPES_H 1
| #define HAVE_STDINT_H 1
| #define HAVE_UNISTD_H 1
| #define HAVE_DLFCN_H 1
| #define HAVE_SGI_STL 1
| #define HAVE_STRLCAT 1
| #define HAVE_STRLCAT_PROTO 1
| #define HAVE_STRLCPY 1
| #define HAVE_STRLCPY_PROTO 1
| #define HAVE_CRYPT 1
| #define ksize_t socklen_t
| #define HAVE_SYS_TYPES_H 1
| #define HAVE_STDINT_H 1
| #define HAVE_COREAUDIO 1
| #define HAVE_RES_INIT 1
| #define HAVE_RES_INIT 1
| /* end confdefs.h.  */
| 
| /* Override any GCC internal prototype to avoid an error.
|    Use char because int might match the return type of a GCC
|    builtin and then its argument prototype would still apply.  */
| #ifdef __cplusplus
| extern "C"
| #endif
| char killpg ();
| int
| main ()
| {
| return killpg ();
|   ;
|   return 0;
| }
configure:22172: result: no
configure:22231: checking size of int
configure:22236: gcc -o conftest -O2     conftest.c  >&5
configure:22236: $? = 0
configure:22236: ./conftest
configure:22236: $? = 0
configure:22250: result: 4
configure:22263: checking size of short
configure:22268: gcc -o conftest -O2     conftest.c  >&5
configure:22268: $? = 0
configure:22268: ./conftest
configure:22268: $? = 0
configure:22282: result: 2
configure:22295: checking size of long
configure:22300: gcc -o conftest -O2     conftest.c  >&5
configure:22300: $? = 0
configure:22300: ./conftest
configure:22300: $? = 0
configure:22314: result: 8
configure:22327: checking size of char *
configure:22332: gcc -o conftest -O2     conftest.c  >&5
configure:22332: $? = 0
configure:22332: ./conftest
configure:22332: $? = 0
configure:22346: result: 8
configure:22357: checking for dlopen in -ldl
configure:22391: result: yes
configure:22401: checking for shl_unload in -ldld
configure:22426: gcc -o conftest -O2     conftest.c -ldld   >&5
ld: library not found for -ldld
clang: error: linker command failed with exit code 1 (use -v to see invocation)
configure:22426: $? = 1
configure: failed program was:
| /* confdefs.h */
| #define PACKAGE_NAME ""
| #define PACKAGE_TARNAME ""
| #define PACKAGE_VERSION ""
| #define PACKAGE_STRING ""
| #define PACKAGE_BUGREPORT ""
| #define PACKAGE_URL ""
| #define PACKAGE "supervclimso"
| #define VERSION "0.1"
| #define KDELIBSUFF ""
| #define STDC_HEADERS 1
| #define HAVE_SYS_TYPES_H 1
| #define HAVE_SYS_STAT_H 1
| #define HAVE_STDLIB_H 1
| #define HAVE_STRING_H 1
| #define HAVE_MEMORY_H 1
| #define HAVE_STRINGS_H 1
| #define HAVE_INTTYPES_H 1
| #define HAVE_STDINT_H 1
| #define HAVE_UNISTD_H 1
| #define HAVE_DLFCN_H 1
| #define HAVE_SGI_STL 1
| #define HAVE_STRLCAT 1
| #define HAVE_STRLCAT_PROTO 1
| #define HAVE_STRLCPY 1
| #define HAVE_STRLCPY_PROTO 1
| #define HAVE_CRYPT 1
| #define ksize_t socklen_t
| #define HAVE_SYS_TYPES_H 1
| #define HAVE_STDINT_H 1
| #define HAVE_COREAUDIO 1
| #define HAVE_RES_INIT 1
| #define HAVE_RES_INIT 1
| #define SIZEOF_INT 4
| #define SIZEOF_SHORT 2
| #define SIZEOF_LONG 8
| #define SIZEOF_CHAR_P 8
| /* end confdefs.h.  */
| 
| /* Override any GCC internal prototype to avoid an error.
|    Use char because int might match the return type of a GCC
|    builtin and then its argument prototype would still apply.  */
| #ifdef __cplusplus
| extern "C"
| #endif
| char shl_unload ();
| int
| main ()
| {
| return shl_unload ();
|   ;
|   return 0;
| }
configure:22435: result: no
configure:22454: checking size of size_t
configure:22459: gcc -o conftest -O2     conftest.c  >&5
configure:22459: $? = 0
configure:22459: ./conftest
configure:22459: $? = 0
configure:22473: result: 8
configure:22487: checking size of unsigned long
configure:22492: gcc -o conftest -O2     conftest.c  >&5
configure:22492: $? = 0
configure:22492: ./conftest
configure:22492: $? = 0
configure:22506: result: 8
configure:22517: checking sizeof size_t == sizeof unsigned long
configure:22534: gcc -c -O2    conftest.c >&5
configure:22534: $? = 0
configure:22535: result: yes
configure:22553: checking crt_externs.h usability
configure:22553: gcc -c -O2    conftest.c >&5
configure:22553: $? = 0
configure:22553: result: yes
configure:22553: checking crt_externs.h presence
configure:22553: gcc -E  conftest.c
configure:22553: $? = 0
configure:22553: result: yes
configure:22553: checking for crt_externs.h
configure:22553: result: yes
configure:22563: checking for _NSGetEnviron
configure:22563: gcc -o conftest -O2     conftest.c  >&5
configure:22563: $? = 0
configure:22563: result: yes
configure:22578: checking for vsnprintf
configure:22578: gcc -o conftest -O2     conftest.c  >&5
conftest.c:66:6: warning: incompatible redeclaration of library function 'vsnprintf' [-Wincompatible-library-redeclaration]
char vsnprintf ();
     ^
conftest.c:66:6: note: 'vsnprintf' is a builtin with type 'int (char *, unsigned long, const char *, __va_list_tag *)'
1 warning generated.
configure:22578: $? = 0
configure:22578: result: yes
configure:22578: checking for snprintf
configure:22578: gcc -o conftest -O2     conftest.c  >&5
conftest.c:67:6: warning: incompatible redeclaration of library function 'snprintf' [-Wincompatible-library-redeclaration]
char snprintf ();
     ^
conftest.c:67:6: note: 'snprintf' is a builtin with type 'int (char *, unsigned long, const char *, ...)'
1 warning generated.
configure:22578: $? = 0
configure:22578: result: yes
configure:22623: checking for X
configure:22657: gcc -E  conftest.c
conftest.c:45:10: fatal error: 'X11/Intrinsic.h' file not found
#include <X11/Intrinsic.h>
         ^
1 error generated.
configure:22657: $? = 1
configure: failed program was:
| /* confdefs.h */
| #define PACKAGE_NAME ""
| #define PACKAGE_TARNAME ""
| #define PACKAGE_VERSION ""
| #define PACKAGE_STRING ""
| #define PACKAGE_BUGREPORT ""
| #define PACKAGE_URL ""
| #define PACKAGE "supervclimso"
| #define VERSION "0.1"
| #define KDELIBSUFF ""
| #define STDC_HEADERS 1
| #define HAVE_SYS_TYPES_H 1
| #define HAVE_SYS_STAT_H 1
| #define HAVE_STDLIB_H 1
| #define HAVE_STRING_H 1
| #define HAVE_MEMORY_H 1
| #define HAVE_STRINGS_H 1
| #define HAVE_INTTYPES_H 1
| #define HAVE_STDINT_H 1
| #define HAVE_UNISTD_H 1
| #define HAVE_DLFCN_H 1
| #define HAVE_SGI_STL 1
| #define HAVE_STRLCAT 1
| #define HAVE_STRLCAT_PROTO 1
| #define HAVE_STRLCPY 1
| #define HAVE_STRLCPY_PROTO 1
| #define HAVE_CRYPT 1
| #define ksize_t socklen_t
| #define HAVE_SYS_TYPES_H 1
| #define HAVE_STDINT_H 1
| #define HAVE_COREAUDIO 1
| #define HAVE_RES_INIT 1
| #define HAVE_RES_INIT 1
| #define SIZEOF_INT 4
| #define SIZEOF_SHORT 2
| #define SIZEOF_LONG 8
| #define SIZEOF_CHAR_P 8
| #define SIZEOF_SIZE_T 8
| #define SIZEOF_UNSIGNED_LONG 8
| #define HAVE_CRT_EXTERNS_H 1
| #define HAVE_NSGETENVIRON 1
| #define HAVE_VSNPRINTF 1
| #define HAVE_SNPRINTF 1
| /* end confdefs.h.  */
| #include <X11/Intrinsic.h>
configure:22729: gcc -o conftest -O2     conftest.c -lXt  >&5
conftest.c:49:1: warning: implicit declaration of function 'XtMalloc' is invalid in C99 [-Wimplicit-function-declaration]
XtMalloc()
^
1 warning generated.
ld: library not found for -lXt
clang: error: linker command failed with exit code 1 (use -v to see invocation)
configure:22729: $? = 1
configure: failed program was:
| /* confdefs.h */
| #define PACKAGE_NAME ""
| #define PACKAGE_TARNAME ""
| #define PACKAGE_VERSION ""
| #define PACKAGE_STRING ""
| #define PACKAGE_BUGREPORT ""
| #define PACKAGE_URL ""
| #define PACKAGE "supervclimso"
| #define VERSION "0.1"
| #define KDELIBSUFF ""
| #define STDC_HEADERS 1
| #define HAVE_SYS_TYPES_H 1
| #define HAVE_SYS_STAT_H 1
| #define HAVE_STDLIB_H 1
| #define HAVE_STRING_H 1
| #define HAVE_MEMORY_H 1
| #define HAVE_STRINGS_H 1
| #define HAVE_INTTYPES_H 1
| #define HAVE_STDINT_H 1
| #define HAVE_UNISTD_H 1
| #define HAVE_DLFCN_H 1
| #define HAVE_SGI_STL 1
| #define HAVE_STRLCAT 1
| #define HAVE_STRLCAT_PROTO 1
| #define HAVE_STRLCPY 1
| #define HAVE_STRLCPY_PROTO 1
| #define HAVE_CRYPT 1
| #define ksize_t socklen_t
| #define HAVE_SYS_TYPES_H 1
| #define HAVE_STDINT_H 1
| #define HAVE_COREAUDIO 1
| #define HAVE_RES_INIT 1
| #define HAVE_RES_INIT 1
| #define SIZEOF_INT 4
| #define SIZEOF_SHORT 2
| #define SIZEOF_LONG 8
| #define SIZEOF_CHAR_P 8
| #define SIZEOF_SIZE_T 8
| #define SIZEOF_UNSIGNED_LONG 8
| #define HAVE_CRT_EXTERNS_H 1
| #define HAVE_NSGETENVIRON 1
| #define HAVE_VSNPRINTF 1
| #define HAVE_SNPRINTF 1
| /* end confdefs.h.  */
| 
| int
| main ()
| {
| XtMalloc()
|   ;
|   return 0;
| }
configure:22856: error: Can't find X libraries. Please check your installation and add the correct paths!

## ---------------- ##
## Cache variables. ##
## ---------------- ##

ac_cv_build=i686-apple-darwin13.3.0
ac_cv_c_compiler_gnu=yes
ac_cv_cxx_compiler_gnu=no
ac_cv_env_CCC_set=
ac_cv_env_CCC_value=
ac_cv_env_CC_set=
ac_cv_env_CC_value=
ac_cv_env_CFLAGS_set=
ac_cv_env_CFLAGS_value=
ac_cv_env_CPPFLAGS_set=
ac_cv_env_CPPFLAGS_value=
ac_cv_env_CPP_set=
ac_cv_env_CPP_value=
ac_cv_env_CXXCPP_set=
ac_cv_env_CXXCPP_value=
ac_cv_env_CXXFLAGS_set=
ac_cv_env_CXXFLAGS_value=
ac_cv_env_CXX_set=
ac_cv_env_CXX_value=
ac_cv_env_F77_set=
ac_cv_env_F77_value=
ac_cv_env_FFLAGS_set=
ac_cv_env_FFLAGS_value=
ac_cv_env_LDFLAGS_set=
ac_cv_env_LDFLAGS_value=
ac_cv_env_LIBS_set=
ac_cv_env_LIBS_value=
ac_cv_env_XMKMF_set=
ac_cv_env_XMKMF_value=
ac_cv_env_build_alias_set=
ac_cv_env_build_alias_value=
ac_cv_env_host_alias_set=
ac_cv_env_host_alias_value=
ac_cv_env_target_alias_set=
ac_cv_env_target_alias_value=
ac_cv_f77_compiler_gnu=no
ac_cv_func__NSGetEnviron=yes
ac_cv_func_connect=yes
ac_cv_func_inet_ntoa=yes
ac_cv_func_remove=yes
ac_cv_func_shmat=yes
ac_cv_func_snprintf=yes
ac_cv_func_vsnprintf=yes
ac_cv_have_dlfcn=yes
ac_cv_header_CoreAudio_CoreAudio_h=yes
ac_cv_header_crt_externs_h=yes
ac_cv_header_dlfcn_h=yes
ac_cv_header_inttypes_h=yes
ac_cv_header_memory_h=yes
ac_cv_header_stdc=yes
ac_cv_header_stdint_h=yes
ac_cv_header_stdlib_h=yes
ac_cv_header_string_h=yes
ac_cv_header_strings_h=yes
ac_cv_header_sys_stat_h=yes
ac_cv_header_sys_types_h=yes
ac_cv_header_unistd_h=yes
ac_cv_host=i686-apple-darwin13.3.0
ac_cv_lib_c_crypt=yes
ac_cv_lib_compat_main=no
ac_cv_lib_crypt_crypt=no
ac_cv_lib_dl_dlopen=yes
ac_cv_lib_dld_shl_unload=no
ac_cv_lib_dnet_dnet_ntoa=no
ac_cv_lib_dnet_stub_dnet_ntoa=no
ac_cv_lib_poll_poll=yes
ac_cv_lib_ucb_killpg=no
ac_cv_lib_util_main=yes
ac_cv_objext=o
ac_cv_path_EGREP='/usr/bin/grep -E'
ac_cv_path_GMSGFMT=msgfmt
ac_cv_path_GREP=/usr/bin/grep
ac_cv_path_MSGFMT=msgfmt
ac_cv_path_XGETTEXT=:
ac_cv_path_install='/usr/bin/install -c'
ac_cv_prog_AWK=awk
ac_cv_prog_CPP='gcc -E'
ac_cv_prog_CXXCPP='g++ -E'
ac_cv_prog_ac_ct_AR=ar
ac_cv_prog_ac_ct_CC=gcc
ac_cv_prog_ac_ct_CXX=g++
ac_cv_prog_ac_ct_RANLIB=ranlib
ac_cv_prog_ac_ct_STRIP=strip
ac_cv_prog_cc_c89=
ac_cv_prog_cc_g=yes
ac_cv_prog_cxx_g=no
ac_cv_prog_f77_g=no
ac_cv_prog_make_make_set=yes
ac_cv_sizeof_char_p=8
ac_cv_sizeof_int=4
ac_cv_sizeof_long=8
ac_cv_sizeof_short=2
ac_cv_sizeof_size_t=8
ac_cv_sizeof_unsigned_long=8
ac_cv_socklen_t=socklen_t
ac_cv_target=i686-apple-darwin13.3.0
am_cv_CC_dependencies_compiler_type=gcc3
am_cv_CXX_dependencies_compiler_type=gcc3
am_cv_make_support_nested_variables=yes
am_cv_prog_cc_c_o=yes
kde_cv_func_strlcat=yes
kde_cv_func_strlcpy=yes
kde_cv_prog_cxx_O0=yes
kde_cv_prog_cxx_Wno_long_long=yes
kde_cv_prog_cxx_Wnon_virtual_dtor=yes
kde_cv_prog_cxx_Wundef=yes
kde_cv_proto_strlcat=no
kde_cv_proto_strlcpy=no
kde_cv_stl_works=yes
lt_cv_deplibs_check_method=pass_all
lt_cv_dlopen=dlopen
lt_cv_dlopen_libs=-ldl
lt_cv_dlopen_self=yes
lt_cv_dlopen_self_static=yes
lt_cv_file_magic_cmd='/usr/bin/file -L'
lt_cv_file_magic_test_file=/usr/lib/libSystem.dylib
lt_cv_ld_reload_flag=-r
lt_cv_objdir=.libs
lt_cv_path_LD=/Applications/Xcode.app/Contents/Developer/Toolchains/XcodeDefault.xctoolchain/usr/bin/ld
lt_cv_path_LDCXX=
lt_cv_path_NM=/usr/bin/nm
lt_cv_path_SED=/usr/bin/sed
lt_cv_prog_compiler_c_o=yes
lt_cv_prog_compiler_c_o_CXX=yes
lt_cv_prog_compiler_rtti_exceptions=yes
lt_cv_prog_gnu_ld=no
lt_cv_prog_gnu_ldcxx=
lt_cv_sys_global_symbol_pipe='sed -n -e '\''s/^.*[ 	]\([BCDEGRST][BCDEGRST]*\)[ 	][ 	]*\(_\)\([_A-Za-z][_A-Za-z0-9]*\)$/\1 \2\3 \3/p'\'''
lt_cv_sys_global_symbol_to_c_name_address='sed -n -e '\''s/^: \([^ ]*\) $/  {\"\1\", (lt_ptr) 0},/p'\'' -e '\''s/^[BCDEGRST] \([^ ]*\) \([^ ]*\)$/  {"\2", (lt_ptr) \&\2},/p'\'''
lt_cv_sys_global_symbol_to_cdecl='sed -n -e '\''s/^. .* \(.*\)$/extern int \1;/p'\'''
lt_cv_sys_max_cmd_len=65536
lt_lt_cv_prog_compiler_c_o='"yes"'
lt_lt_cv_prog_compiler_c_o_CXX='"yes"'
lt_lt_cv_sys_global_symbol_pipe='"sed -n -e '\''s/^.*[ 	]\\([BCDEGRST][BCDEGRST]*\\)[ 	][ 	]*\\(_\\)\\([_A-Za-z][_A-Za-z0-9]*\\)\$/\\1 \\2\\3 \\3/p'\''"'
lt_lt_cv_sys_global_symbol_to_c_name_address='"sed -n -e '\''s/^: \\([^ ]*\\) \$/  {\\\"\\1\\\", (lt_ptr) 0},/p'\'' -e '\''s/^[BCDEGRST] \\([^ ]*\\) \\([^ ]*\\)\$/  {\"\\2\", (lt_ptr) \\&\\2},/p'\''"'
lt_lt_cv_sys_global_symbol_to_cdecl='"sed -n -e '\''s/^. .* \\(.*\\)\$/extern int \\1;/p'\''"'

## ----------------- ##
## Output variables. ##
## ----------------- ##

ACLOCAL='aclocal-1.14'
AMDEPBACKSLASH='\'
AMDEP_FALSE='#'
AMDEP_TRUE=''
AMTAR='$${TAR-tar}'
AM_BACKSLASH='\'
AM_DEFAULT_V='$(AM_DEFAULT_VERBOSITY)'
AM_DEFAULT_VERBOSITY='1'
AM_V='$(V)'
AR='ar'
ARTSCCONFIG=''
AUTOCONF='$(SHELL) $(top_srcdir)/admin/cvs.sh configure || touch configure'
AUTODIRS=''
AUTOHEADER='autoheader'
AUTOMAKE='automake-1.14'
AWK='awk'
CC='gcc'
CCDEPMODE='depmode=gcc3'
CFLAGS='-O2  '
CONF_FILES=''
CPP='gcc -E'
CPPFLAGS=''
CXX='g++'
CXXCPP='g++ -E'
CXXDEPMODE='depmode=gcc3'
CXXFLAGS='-Wnon-virtual-dtor -Wno-long-long -Wundef -Wall -W -Wpointer-arith -Wwrite-strings'
CYGPATH_W='echo'
DCOPIDL2CPP=''
DCOPIDL=''
DCOPIDLNG=''
DCOP_DEPENDENCIES=''
DEFS=''
DEPDIR='.deps'
ECHO='/bin/echo'
ECHO_C='\c'
ECHO_N=''
ECHO_T=''
EGREP='/usr/bin/grep -E'
EXEEXT=''
F77=''
FFLAGS=''
FRAMEWORK_COREAUDIO='-Xlinker -framework -Xlinker CoreAudio'
GMSGFMT=':'
GREP='/usr/bin/grep'
INSTALL_DATA='${INSTALL} -m 644'
INSTALL_PROGRAM='${INSTALL} $(INSTALL_STRIP_FLAG)'
INSTALL_SCRIPT='${INSTALL}'
INSTALL_STRIP_PROGRAM='$(install_sh) -c -s'
KCFG_DEPENDENCIES=''
KCONFIG_COMPILER=''
KDECONFIG=''
KDE_EXTRA_RPATH=''
KDE_INCLUDES=''
KDE_LDFLAGS=''
KDE_MT_LDFLAGS=''
KDE_MT_LIBS=''
KDE_NO_UNDEFINED=''
KDE_PLUGIN='-avoid-version -module -no-undefined $(KDE_NO_UNDEFINED) $(KDE_RPATH) $(KDE_MT_LDFLAGS)'
KDE_RPATH=''
KDE_USE_CLOSURE_FALSE=''
KDE_USE_CLOSURE_TRUE='#'
KDE_USE_FINAL_FALSE=''
KDE_USE_FINAL_TRUE='#'
KDE_USE_NMCHECK_FALSE=''
KDE_USE_NMCHECK_TRUE='#'
KDE_XSL_STYLESHEET=''
LDFLAGS=''
LIBCOMPAT=''
LIBCRYPT=''
LIBDL='-ldl'
LIBJPEG=''
LIBOBJS=''
LIBPNG=''
LIBPTHREAD=''
LIBRESOLV='-lresolv'
LIBS=''
LIBSM=''
LIBSOCKET=''
LIBTOOL='$(SHELL) $(top_builddir)/libtool --silent'
LIBUCB=''
LIBUTIL='-lutil'
LIBZ=''
LIB_KAB=''
LIB_KABC=''
LIB_KDECORE=''
LIB_KDEPIM=''
LIB_KDEPRINT=''
LIB_KDEUI=''
LIB_KFILE=''
LIB_KFM=''
LIB_KHTML=''
LIB_KIO=''
LIB_KPARTS=''
LIB_KSPELL=''
LIB_KSYCOCA=''
LIB_KUTILS=''
LIB_POLL='-lpoll'
LIB_QPE=''
LIB_QT=''
LIB_SMB=''
LIB_X11=''
LIB_XEXT=''
LIB_XRENDER=''
LN_S='ln -s'
LTLIBOBJS=''
MAKEINFO='makeinfo'
MCOPIDL=''
MEINPROC=''
MKDIR_P='admin/install-sh -c -d'
MOC=''
MSGFMT=':'
NOOPT_CFLAGS='-O0'
NOOPT_CXXFLAGS='-O0'
OBJEXT='o'
PACKAGE='supervclimso'
PACKAGE_BUGREPORT=''
PACKAGE_NAME=''
PACKAGE_STRING=''
PACKAGE_TARNAME=''
PACKAGE_URL=''
PACKAGE_VERSION=''
PATH_SEPARATOR=':'
PERL=''
QTE_NORTTI=''
QT_INCLUDES=''
QT_LDFLAGS=''
RANLIB='ranlib'
SET_MAKE=''
SHELL='/bin/sh'
STRIP='strip'
TOPSUBDIRS=''
UIC=''
UIC_TR=''
USER_INCLUDES=''
USER_LDFLAGS=''
USE_EXCEPTIONS=''
USE_RTTI=''
USE_THREADS=''
VERSION='0.1'
WOVERLOADED_VIRTUAL=''
XGETTEXT=':'
XMKMF=''
XMLLINT=''
X_EXTRA_LIBS=''
X_INCLUDES=''
X_LDFLAGS=''
X_PRE_LIBS=''
X_RPATH=''
ac_ct_CC='gcc'
ac_ct_CXX='g++'
ac_ct_F77=''
all_includes=''
all_libraries=''
am__EXEEXT_FALSE=''
am__EXEEXT_TRUE=''
am__fastdepCC_FALSE='#'
am__fastdepCC_TRUE=''
am__fastdepCXX_FALSE='#'
am__fastdepCXX_TRUE=''
am__include='include'
am__isrc=''
am__leading_dot='.'
am__nodep='_no'
am__quote=''
am__tar='$${TAR-tar} chof - "$$tardir"'
am__untar='$${TAR-tar} xf -'
bindir='${exec_prefix}/bin'
build='i686-apple-darwin13.3.0'
build_alias=''
build_cpu='i686'
build_os='darwin13.3.0'
build_vendor='apple'
datadir='${datarootdir}'
datarootdir='${prefix}/share'
docdir='${datarootdir}/doc/${PACKAGE}'
dvidir='${docdir}'
exec_prefix='NONE'
host='i686-apple-darwin13.3.0'
host_alias=''
host_cpu='i686'
host_os='darwin13.3.0'
host_vendor='apple'
htmldir='${docdir}'
include_ARTS_FALSE=''
include_ARTS_TRUE=''
includedir='${prefix}/include'
infodir='${datarootdir}/info'
install_sh='${SHELL} /Users/mael65/prog/supervclimso/admin/install-sh'
kde_appsdir=''
kde_bindir=''
kde_confdir=''
kde_datadir=''
kde_htmldir=''
kde_icondir=''
kde_includes=''
kde_kcfgdir=''
kde_libraries=''
kde_libs_htmldir=''
kde_libs_prefix=''
kde_locale=''
kde_mimedir=''
kde_moduledir=''
kde_qtver='3'
kde_servicesdir=''
kde_servicetypesdir=''
kde_sounddir=''
kde_styledir=''
kde_templatesdir=''
kde_wallpaperdir=''
kde_widgetdir=''
kdeinitdir=''
libdir='${exec_prefix}/lib'
libexecdir='${exec_prefix}/libexec'
localedir='${datarootdir}/locale'
localstatedir='${prefix}/var'
mandir='${datarootdir}/man'
mkdir_p='$(MKDIR_P)'
oldincludedir='/usr/include'
pdfdir='${docdir}'
prefix='/usr/local/kde'
program_transform_name='s,x,x,'
psdir='${docdir}'
qt_includes=''
qt_libraries=''
sbindir='${exec_prefix}/sbin'
sharedstatedir='${prefix}/com'
sysconfdir='${prefix}/etc'
target='i686-apple-darwin13.3.0'
target_alias=''
target_cpu='i686'
target_os='darwin13.3.0'
target_vendor='apple'
x_includes='NONE'
x_libraries='NONE'
xdg_appsdir=''
xdg_directorydir=''
xdg_menudir=''

## ----------- ##
## confdefs.h. ##
## ----------- ##

/* confdefs.h */
#define PACKAGE_NAME ""
#define PACKAGE_TARNAME ""
#define PACKAGE_VERSION ""
#define PACKAGE_STRING ""
#define PACKAGE_BUGREPORT ""
#define PACKAGE_URL ""
#define PACKAGE "supervclimso"
#define VERSION "0.1"
#define KDELIBSUFF ""
#define STDC_HEADERS 1
#define HAVE_SYS_TYPES_H 1
#define HAVE_SYS_STAT_H 1
#define HAVE_STDLIB_H 1
#define HAVE_STRING_H 1
#define HAVE_MEMORY_H 1
#define HAVE_STRINGS_H 1
#define HAVE_INTTYPES_H 1
#define HAVE_STDINT_H 1
#define HAVE_UNISTD_H 1
#define HAVE_DLFCN_H 1
#define HAVE_SGI_STL 1
#define HAVE_STRLCAT 1
#define HAVE_STRLCAT_PROTO 1
#define HAVE_STRLCPY 1
#define HAVE_STRLCPY_PROTO 1
#define HAVE_CRYPT 1
#define ksize_t socklen_t
#define HAVE_SYS_TYPES_H 1
#define HAVE_STDINT_H 1
#define HAVE_COREAUDIO 1
#define HAVE_RES_INIT 1
#define HAVE_RES_INIT 1
#define SIZEOF_INT 4
#define SIZEOF_SHORT 2
#define SIZEOF_LONG 8
#define SIZEOF_CHAR_P 8
#define SIZEOF_SIZE_T 8
#define SIZEOF_UNSIGNED_LONG 8
#define HAVE_CRT_EXTERNS_H 1
#define HAVE_NSGETENVIRON 1
#define HAVE_VSNPRINTF 1
#define HAVE_SNPRINTF 1

configure: exit 1
